uploader/matisse/build/intermediates/manifest_merge_blame_file/debug/manifest-merger-blame-debug-report.txt
1<?xml version="1.0" encoding="utf-8"?>
2<manifest xmlns:android="http://schemas.android.com/apk/res/android"
3    package="com.zhihu.matisse" >
4
5    <uses-sdk
6        android:minSdkVersion="14"
6-->src\main\AndroidManifest.xml
7        android:targetSdkVersion="29" />
7-->src\main\AndroidManifest.xml
8
9    <uses-permission android:name="android.permission.WRITE_EXTERNAL_STORAGE" />
9-->src\main\AndroidManifest.xml:7:5-80
9-->src\main\AndroidManifest.xml:7:22-78
10    <uses-permission android:name="android.permission.READ_EXTERNAL_STORAGE" />
10-->src\main\AndroidManifest.xml:8:5-79
10-->src\main\AndroidManifest.xml:8:22-77
11
12    <application>
12-->src\main\AndroidManifest.xml:10:5-14:19
13        <activity android:name="com.zhihu.matisse.ui.MatisseActivity" />
13-->src\main\AndroidManifest.xml:11:9-72
13-->src\main\AndroidManifest.xml:11:19-70
14        <activity android:name="com.zhihu.matisse.internal.ui.AlbumPreviewActivity" />
14-->src\main\AndroidManifest.xml:12:9-86
14-->src\main\AndroidManifest.xml:12:19-84
15        <activity android:name="com.zhihu.matisse.internal.ui.SelectedPreviewActivity" />
15-->src\main\AndroidManifest.xml:13:9-89
15-->src\main\AndroidManifest.xml:13:19-87
16    </application>
17
18</manifest>